<?xml version="1.0" encoding="UTF-8"?>
<!-- Generated by org.testng.reporters.JUnitXMLReporter -->
<testsuite ignored="0" hostname="DESKTOP-AC1JVN3" failures="5" tests="12" name="Test" time="81.039" errors="0" timestamp="2022-11-15T11:32:27 IST">
  <testcase classname="com.qa.testcases.LoginPageTest" name="isValidLoginPageTitle" time="0.061"/>
  <testcase classname="com.qa.testcases.LoginPageTest" name="isValidLogin" time="0.822">
    <failure type="java.lang.AssertionError" message="expected [Accops HyWorks Management Console] but found [Admin Login]">
      <![CDATA[java.lang.AssertionError: expected [Accops HyWorks Management Console] but found [Admin Login]
at com.qa.testcases.LoginPageTest.isValidLogin(LoginPageTest.java:82)
at java.base/java.util.ArrayList.forEach(ArrayList.java:1511)
... Removed 33 stack frames]]>
    </failure>
  </testcase> <!-- isValidLogin -->
  <testcase classname="com.qa.testcases.LoginPageTest" name="isValidLogin" time="4.205"/>
  <testcase classname="com.qa.testcases.LoginPageTest" name="isValidLogin" time="0.758">
    <failure type="java.lang.AssertionError" message="expected [Accops HyWorks Management Console] but found [Admin Login]">
      <![CDATA[java.lang.AssertionError: expected [Accops HyWorks Management Console] but found [Admin Login]
at com.qa.testcases.LoginPageTest.isValidLogin(LoginPageTest.java:82)
at java.base/java.util.ArrayList.forEach(ArrayList.java:1511)
... Removed 33 stack frames]]>
    </failure>
  </testcase> <!-- isValidLogin -->
  <testcase classname="com.qa.testcases.LoginPageTest" name="isValidLogin" time="0.774">
    <failure type="java.lang.AssertionError" message="expected [Accops HyWorks Management Console] but found [Admin Login]">
      <![CDATA[java.lang.AssertionError: expected [Accops HyWorks Management Console] but found [Admin Login]
at com.qa.testcases.LoginPageTest.isValidLogin(LoginPageTest.java:82)
at java.base/java.util.ArrayList.forEach(ArrayList.java:1511)
... Removed 33 stack frames]]>
    </failure>
  </testcase> <!-- isValidLogin -->
  <testcase classname="com.qa.testcases.LoginPageTest" name="isValidLogin" time="3.732"/>
  <testcase classname="com.qa.testcases.LoginPageTest" name="isValidLogin" time="0.802">
    <failure type="java.lang.AssertionError" message="expected [Accops HyWorks Management Console] but found [Admin Login]">
      <![CDATA[java.lang.AssertionError: expected [Accops HyWorks Management Console] but found [Admin Login]
at com.qa.testcases.LoginPageTest.isValidLogin(LoginPageTest.java:82)
at java.base/java.util.ArrayList.forEach(ArrayList.java:1511)
... Removed 33 stack frames]]>
    </failure>
  </testcase> <!-- isValidLogin -->
  <testcase classname="com.qa.testcases.ShdPoolLinuxTest" name="isLinuxShdPoolGenerated" time="7.767">
    <failure type="java.lang.AssertionError" message="expected [RK_POOL_LINUX] but found []">
      <![CDATA[java.lang.AssertionError: expected [RK_POOL_LINUX] but found []
at com.qa.testcases.ShdPoolLinuxTest.isLinuxShdPoolGenerated(ShdPoolLinuxTest.java:54)
at java.base/java.util.ArrayList.forEach(ArrayList.java:1511)
... Removed 33 stack frames]]>
    </failure>
  </testcase> <!-- isLinuxShdPoolGenerated -->
  <testcase classname="com.qa.testcases.HyliteLoginTest" name="isHyliteLogin" time="4.778"/>
  <testcase classname="com.qa.testcases.UserSessionTest" name="isActiveUserSession" time="4.733"/>
  <testcase classname="com.qa.testcases.UserSessionTest" name="isConnectedToDesktop" time="3.627"/>
  <testcase classname="com.qa.testcases.AppPublishTest" name="isAppPublished" time="8.662"/>
</testsuite> <!-- Test -->
